This is pdfTeX, Version 3.14159265-2.6-1.40.16 (TeX Live 2015/Debian) (preloaded format=pdflatex 2017.8.23)  8 MAR 2018 11:48
entering extended mode
 restricted \write18 enabled.
 %&-line parsing enabled.
**linegraphes.tex
(./linegraphes.tex
LaTeX2e <2016/02/01>
Babel <3.9q> and hyphenation patterns for 5 language(s) loaded.
(/usr/share/texlive/texmf-dist/tex/latex/base/book.cls
Document Class: book 2014/09/29 v1.4h Standard LaTeX document class
(/usr/share/texlive/texmf-dist/tex/latex/base/bk12.clo
File: bk12.clo 2014/09/29 v1.4h Standard LaTeX file (size option)
)
\c@part=\count79
\c@chapter=\count80
\c@section=\count81
\c@subsection=\count82
\c@subsubsection=\count83
\c@paragraph=\count84
\c@subparagraph=\count85
\c@figure=\count86
\c@table=\count87
\abovecaptionskip=\skip41
\belowcaptionskip=\skip42
\bibindent=\dimen102
)
(/usr/share/texlive/texmf-dist/tex/latex/base/inputenc.sty
Package: inputenc 2015/03/17 v1.2c Input encoding file
\inpenc@prehook=\toks14
\inpenc@posthook=\toks15

(/usr/share/texlive/texmf-dist/tex/latex/base/latin1.def
File: latin1.def 2015/03/17 v1.2c Input encoding file
))
(/usr/share/texlive/texmf-dist/tex/latex/algorithms/algorithm.sty
Package: algorithm 2009/08/24 v0.1 Document Style `algorithm' - floating enviro
nment

(/usr/share/texlive/texmf-dist/tex/latex/float/float.sty
Package: float 2001/11/08 v1.3d Float enhancements (AL)
\c@float@type=\count88
\float@exts=\toks16
\float@box=\box26
\@float@everytoks=\toks17
\@floatcapt=\box27
)
(/usr/share/texlive/texmf-dist/tex/latex/base/ifthen.sty
Package: ifthen 2014/09/29 v1.1c Standard LaTeX ifthen package (DPC)
)
\@float@every@algorithm=\toks18
\c@algorithm=\count89
)
(/usr/share/texlive/texmf-dist/tex/latex/algorithms/algorithmic.sty
Package: algorithmic 2009/08/24 v0.1 Document Style `algorithmic'

(/usr/share/texlive/texmf-dist/tex/latex/graphics/keyval.sty
Package: keyval 2014/10/28 v1.15 key=value parser (DPC)
\KV@toks@=\toks19
)
\c@ALC@unique=\count90
\c@ALC@line=\count91
\c@ALC@rem=\count92
\c@ALC@depth=\count93
\ALC@tlm=\skip43
\algorithmicindent=\skip44
)
(/usr/share/texlive/texmf-dist/tex/latex/tools/layout.sty
Package: layout 2014/10/28 v1.2c Show layout parameters
\oneinch=\count94
\cnt@paperwidth=\count95
\cnt@paperheight=\count96
\cnt@hoffset=\count97
\cnt@voffset=\count98
\cnt@textheight=\count99
\cnt@textwidth=\count100
\cnt@topmargin=\count101
\cnt@oddsidemargin=\count102
\cnt@evensidemargin=\count103
\cnt@headheight=\count104
\cnt@headsep=\count105
\cnt@marginparsep=\count106
\cnt@marginparwidth=\count107
\cnt@marginparpush=\count108
\cnt@footskip=\count109
\fheight=\count110
\ref@top=\count111
\ref@hoffset=\count112
\ref@voffset=\count113
\ref@head=\count114
\ref@body=\count115
\ref@foot=\count116
\ref@margin=\count117
\ref@marginwidth=\count118
\ref@marginpar=\count119
\Interval=\count120
\ExtraYPos=\count121
\PositionX=\count122
\PositionY=\count123
\ArrowLength=\count124
)
(/usr/share/texlive/texmf-dist/tex/latex/geometry/geometry.sty
Package: geometry 2010/09/12 v5.6 Page Geometry

(/usr/share/texlive/texmf-dist/tex/generic/oberdiek/ifpdf.sty
Package: ifpdf 2011/01/30 v2.3 Provides the ifpdf switch (HO)
Package ifpdf Info: pdfTeX in PDF mode is detected.
)
(/usr/share/texlive/texmf-dist/tex/generic/oberdiek/ifvtex.sty
Package: ifvtex 2010/03/01 v1.5 Detect VTeX and its facilities (HO)
Package ifvtex Info: VTeX not detected.
)
(/usr/share/texlive/texmf-dist/tex/generic/ifxetex/ifxetex.sty
Package: ifxetex 2010/09/12 v0.6 Provides ifxetex conditional
)
\Gm@cnth=\count125
\Gm@cntv=\count126
\c@Gm@tempcnt=\count127
\Gm@bindingoffset=\dimen103
\Gm@wd@mp=\dimen104
\Gm@odd@mp=\dimen105
\Gm@even@mp=\dimen106
\Gm@layoutwidth=\dimen107
\Gm@layoutheight=\dimen108
\Gm@layouthoffset=\dimen109
\Gm@layoutvoffset=\dimen110
\Gm@dimlist=\toks20
)
(/usr/share/texlive/texmf-dist/tex/latex/setspace/setspace.sty
Package: setspace 2011/12/19 v6.7a set line spacing
)
(/usr/share/texlive/texmf-dist/tex/latex/soul/soul.sty
Package: soul 2003/11/17 v2.4 letterspacing/underlining (mf)
\SOUL@word=\toks21
\SOUL@lasttoken=\toks22
\SOUL@cmds=\toks23
\SOUL@buffer=\toks24
\SOUL@token=\toks25
\SOUL@spaceskip=\skip45
\SOUL@ttwidth=\dimen111
\SOUL@uldp=\dimen112
\SOUL@ulht=\dimen113
)
(/usr/share/texlive/texmf-dist/tex/latex/graphics/color.sty
Package: color 2016/01/03 v1.1b Standard LaTeX Color (DPC)

(/usr/share/texlive/texmf-dist/tex/latex/latexconfig/color.cfg
File: color.cfg 2007/01/18 v1.5 color configuration of teTeX/TeXLive
)
Package color Info: Driver file: pdftex.def on input line 143.

(/usr/share/texlive/texmf-dist/tex/latex/pdftex-def/pdftex.def
File: pdftex.def 2011/05/27 v0.06d Graphics/color for pdfTeX

(/usr/share/texlive/texmf-dist/tex/generic/oberdiek/infwarerr.sty
Package: infwarerr 2010/04/08 v1.3 Providing info/warning/error messages (HO)
)
(/usr/share/texlive/texmf-dist/tex/generic/oberdiek/ltxcmds.sty
Package: ltxcmds 2011/11/09 v1.22 LaTeX kernel commands for general use (HO)
)
\Gread@gobject=\count128
))
(/usr/share/texlive/texmf-dist/tex/latex/tools/verbatim.sty
Package: verbatim 2014/10/28 v1.5q LaTeX2e package for verbatim enhancements
\every@verbatim=\toks26
\verbatim@line=\toks27
\verbatim@in@stream=\read1
)
(/usr/share/texlive/texmf-dist/tex/latex/moreverb/moreverb.sty
Package: moreverb 2008/06/03 v2.3a `more' verbatim facilities
\tab@position=\count129
\tab@size=\count130
\listing@line=\count131
)
(/usr/share/texlive/texmf-dist/tex/latex/listings/listings.sty
\lst@mode=\count132
\lst@gtempboxa=\box28
\lst@token=\toks28
\lst@length=\count133
\lst@currlwidth=\dimen114
\lst@column=\count134
\lst@pos=\count135
\lst@lostspace=\dimen115
\lst@width=\dimen116
\lst@newlines=\count136
\lst@lineno=\count137
\lst@maxwidth=\dimen117

(/usr/share/texlive/texmf-dist/tex/latex/listings/lstmisc.sty
File: lstmisc.sty 2015/06/04 1.6 (Carsten Heinz)
\c@lstnumber=\count138
\lst@skipnumbers=\count139
\lst@framebox=\box29
)
(/usr/share/texlive/texmf-dist/tex/latex/listings/listings.cfg
File: listings.cfg 2015/06/04 1.6 listings configuration
))
Package: listings 2015/06/04 1.6 (Carsten Heinz)

(/usr/share/texlive/texmf-dist/tex/latex/url/url.sty
\Urlmuskip=\muskip10
Package: url 2013/09/16  ver 3.4  Verb mode for urls, etc.
)
(/usr/share/texlive/texmf-dist/tex/latex/graphics/graphicx.sty
Package: graphicx 2014/10/28 v1.0g Enhanced LaTeX Graphics (DPC,SPQR)

(/usr/share/texlive/texmf-dist/tex/latex/graphics/graphics.sty
Package: graphics 2016/01/03 v1.0q Standard LaTeX Graphics (DPC,SPQR)

(/usr/share/texlive/texmf-dist/tex/latex/graphics/trig.sty
Package: trig 2016/01/03 v1.10 sin cos tan (DPC)
)
(/usr/share/texlive/texmf-dist/tex/latex/latexconfig/graphics.cfg
File: graphics.cfg 2010/04/23 v1.9 graphics configuration of TeX Live
)
Package graphics Info: Driver file: pdftex.def on input line 95.
)
\Gin@req@height=\dimen118
\Gin@req@width=\dimen119
)
(/usr/share/texlive/texmf-dist/tex/latex/oberdiek/epstopdf.sty
Package: epstopdf 2010/02/09 v2.5 Conversion with epstopdf on the fly (HO)

(/usr/share/texlive/texmf-dist/tex/latex/oberdiek/epstopdf-base.sty
Package: epstopdf-base 2010/02/09 v2.5 Base part for package epstopdf

(/usr/share/texlive/texmf-dist/tex/latex/oberdiek/grfext.sty
Package: grfext 2010/08/19 v1.1 Manage graphics extensions (HO)

(/usr/share/texlive/texmf-dist/tex/generic/oberdiek/kvdefinekeys.sty
Package: kvdefinekeys 2011/04/07 v1.3 Define keys (HO)
))
(/usr/share/texlive/texmf-dist/tex/latex/oberdiek/kvoptions.sty
Package: kvoptions 2011/06/30 v3.11 Key value format for package options (HO)

(/usr/share/texlive/texmf-dist/tex/generic/oberdiek/kvsetkeys.sty
Package: kvsetkeys 2012/04/25 v1.16 Key value parser (HO)

(/usr/share/texlive/texmf-dist/tex/generic/oberdiek/etexcmds.sty
Package: etexcmds 2011/02/16 v1.5 Avoid name clashes with e-TeX commands (HO)

(/usr/share/texlive/texmf-dist/tex/generic/oberdiek/ifluatex.sty
Package: ifluatex 2010/03/01 v1.3 Provides the ifluatex switch (HO)
Package ifluatex Info: LuaTeX not detected.
)
Package etexcmds Info: Could not find \expanded.
(etexcmds)             That can mean that you are not using pdfTeX 1.50 or
(etexcmds)             that some package has redefined \expanded.
(etexcmds)             In the latter case, load this package earlier.
)))
(/usr/share/texlive/texmf-dist/tex/generic/oberdiek/pdftexcmds.sty
Package: pdftexcmds 2011/11/29 v0.20 Utility functions of pdfTeX for LuaTeX (HO
)
Package pdftexcmds Info: LuaTeX not detected.
Package pdftexcmds Info: \pdf@primitive is available.
Package pdftexcmds Info: \pdf@ifprimitive is available.
Package pdftexcmds Info: \pdfdraftmode found.
)
Package grfext Info: Graphics extension search list:
(grfext)             [.png,.pdf,.jpg,.mps,.jpeg,.jbig2,.jb2,.PNG,.PDF,.JPG,.JPE
G,.JBIG2,.JB2,.eps]
(grfext)             \AppendGraphicsExtensions on input line 452.

(/usr/share/texlive/texmf-dist/tex/latex/latexconfig/epstopdf-sys.cfg
File: epstopdf-sys.cfg 2010/07/13 v1.3 Configuration of (r)epstopdf for TeX Liv
e
)))
(/usr/share/texlive/texmf-dist/tex/latex/caption/caption.sty
Package: caption 2016/02/21 v3.3-144 Customizing captions (AR)

(/usr/share/texlive/texmf-dist/tex/latex/caption/caption3.sty
Package: caption3 2016/02/04 v1.7-139 caption3 kernel (AR)
Package caption3 Info: TeX engine: e-TeX on input line 67.
\captionmargin=\dimen120
\captionmargin@=\dimen121
\captionwidth=\dimen122
\caption@tempdima=\dimen123
\caption@indent=\dimen124
\caption@parindent=\dimen125
\caption@hangindent=\dimen126
)
\c@ContinuedFloat=\count140
Package caption Info: float package is loaded.
Package caption Info: listings package is loaded.
)
(/usr/share/texlive/texmf-dist/tex/latex/placeins/placeins.sty
Package: placeins 2005/04/18  v 2.2
)
(/usr/share/texlive/texmf-dist/tex/latex/amsmath/amsmath.sty
Package: amsmath 2016/03/03 v2.15a AMS math features
\@mathmargin=\skip46

For additional information on amsmath, use the `?' option.
(/usr/share/texlive/texmf-dist/tex/latex/amsmath/amstext.sty
Package: amstext 2000/06/29 v2.01 AMS text

(/usr/share/texlive/texmf-dist/tex/latex/amsmath/amsgen.sty
File: amsgen.sty 1999/11/30 v2.0 generic functions
\@emptytoks=\toks29
\ex@=\dimen127
))
(/usr/share/texlive/texmf-dist/tex/latex/amsmath/amsbsy.sty
Package: amsbsy 1999/11/29 v1.2d Bold Symbols
\pmbraise@=\dimen128
)
(/usr/share/texlive/texmf-dist/tex/latex/amsmath/amsopn.sty
Package: amsopn 1999/12/14 v2.01 operator names
)
\inf@bad=\count141
LaTeX Info: Redefining \frac on input line 199.
\uproot@=\count142
\leftroot@=\count143
LaTeX Info: Redefining \overline on input line 297.
\classnum@=\count144
\DOTSCASE@=\count145
LaTeX Info: Redefining \ldots on input line 394.
LaTeX Info: Redefining \dots on input line 397.
LaTeX Info: Redefining \cdots on input line 518.
\Mathstrutbox@=\box30
\strutbox@=\box31
\big@size=\dimen129
LaTeX Font Info:    Redeclaring font encoding OML on input line 630.
LaTeX Font Info:    Redeclaring font encoding OMS on input line 631.
\macc@depth=\count146
\c@MaxMatrixCols=\count147
\dotsspace@=\muskip11
\c@parentequation=\count148
\dspbrk@lvl=\count149
\tag@help=\toks30
\row@=\count150
\column@=\count151
\maxfields@=\count152
\andhelp@=\toks31
\eqnshift@=\dimen130
\alignsep@=\dimen131
\tagshift@=\dimen132
\tagwidth@=\dimen133
\totwidth@=\dimen134
\lineht@=\dimen135
\@envbody=\toks32
\multlinegap=\skip47
\multlinetaggap=\skip48
\mathdisplay@stack=\toks33
LaTeX Info: Redefining \[ on input line 2735.
LaTeX Info: Redefining \] on input line 2736.
)
(/usr/share/texlive/texmf-dist/tex/latex/amscls/amsthm.sty
Package: amsthm 2015/03/04 v2.20.2
\thm@style=\toks34
\thm@bodyfont=\toks35
\thm@headfont=\toks36
\thm@notefont=\toks37
\thm@headpunct=\toks38
\thm@preskip=\skip49
\thm@postskip=\skip50
\thm@headsep=\skip51
\dth@everypar=\toks39
)
(/usr/share/texlive/texmf-dist/tex/latex/amsfonts/amssymb.sty
Package: amssymb 2013/01/14 v3.01 AMS font symbols

(/usr/share/texlive/texmf-dist/tex/latex/amsfonts/amsfonts.sty
Package: amsfonts 2013/01/14 v3.01 Basic AMSFonts support
\symAMSa=\mathgroup4
\symAMSb=\mathgroup5
LaTeX Font Info:    Overwriting math alphabet `\mathfrak' in version `bold'
(Font)                  U/euf/m/n --> U/euf/b/n on input line 106.
))
\c@definition=\count153
\c@property=\count154
\c@theorem=\count155
\c@proposition=\count156
\c@lemma=\count157
\c@corollary=\count158
\c@conjecture=\count159
\c@observation=\count160
\c@example=\count161
\c@remark=\count162

(./linegraphes.aux)
\openout1 = `linegraphes.aux'.

LaTeX Font Info:    Checking defaults for OML/cmm/m/it on input line 57.
LaTeX Font Info:    ... okay on input line 57.
LaTeX Font Info:    Checking defaults for T1/cmr/m/n on input line 57.
LaTeX Font Info:    ... okay on input line 57.
LaTeX Font Info:    Checking defaults for OT1/cmr/m/n on input line 57.
LaTeX Font Info:    ... okay on input line 57.
LaTeX Font Info:    Checking defaults for OMS/cmsy/m/n on input line 57.
LaTeX Font Info:    ... okay on input line 57.
LaTeX Font Info:    Checking defaults for OMX/cmex/m/n on input line 57.
LaTeX Font Info:    ... okay on input line 57.
LaTeX Font Info:    Checking defaults for U/cmr/m/n on input line 57.
LaTeX Font Info:    ... okay on input line 57.

*geometry* driver: auto-detecting
*geometry* detected driver: pdftex
*geometry* verbose mode - [ preamble ] result:
* driver: pdftex
* paper: <default>
* layout: <same size as paper>
* layoutoffset:(h,v)=(0.0pt,0.0pt)
* modes: twoside 
* h-part:(L,W,R)=(56.9055pt, 500.484pt, 56.9055pt)
* v-part:(T,H,B)=(56.9055pt, 681.15898pt, 56.9055pt)
* \paperwidth=614.295pt
* \paperheight=794.96999pt
* \textwidth=500.484pt
* \textheight=681.15898pt
* \oddsidemargin=-15.36449pt
* \evensidemargin=-15.36449pt
* \topmargin=-47.23828pt
* \headheight=12.0pt
* \headsep=19.8738pt
* \topskip=12.0pt
* \footskip=30.0pt
* \marginparwidth=98.0pt
* \marginparsep=7.0pt
* \columnsep=10.0pt
* \skip\footins=10.8pt plus 4.0pt minus 2.0pt
* \hoffset=0.0pt
* \voffset=0.0pt
* \mag=1000
* \@twocolumnfalse
* \@twosidetrue
* \@mparswitchtrue
* \@reversemarginfalse
* (1in=72.27pt=25.4mm, 1cm=28.453pt)

(/usr/share/texlive/texmf-dist/tex/context/base/supp-pdf.mkii
[Loading MPS to PDF converter (version 2006.09.02).]
\scratchcounter=\count163
\scratchdimen=\dimen136
\scratchbox=\box32
\nofMPsegments=\count164
\nofMParguments=\count165
\everyMPshowfont=\toks40
\MPscratchCnt=\count166
\MPscratchDim=\dimen137
\MPnumerator=\count167
\makeMPintoPDFobject=\count168
\everyMPtoPDFconversion=\toks41
)
\c@lstlisting=\count169
Package caption Info: Begin \AtBeginDocument code.
Package caption Info: End \AtBeginDocument code.
LaTeX Font Info:    Try loading font information for U+msa on input line 58.
 (/usr/share/texlive/texmf-dist/tex/latex/amsfonts/umsa.fd
File: umsa.fd 2013/01/14 v3.01 AMS symbols A
)
LaTeX Font Info:    Try loading font information for U+msb on input line 58.

(/usr/share/texlive/texmf-dist/tex/latex/amsfonts/umsb.fd
File: umsb.fd 2013/01/14 v3.01 AMS symbols B
)
LaTeX Font Info:    Try loading font information for OML+cmr on input line 58.

(/usr/share/texlive/texmf-dist/tex/latex/base/omlcmr.fd
File: omlcmr.fd 2014/09/29 v2.5h Standard LaTeX font definitions
)
LaTeX Font Info:    Font shape `OML/cmr/m/it' in size <14.4> not available
(Font)              Font shape `OML/cmm/m/it' tried instead on input line 58.
 [1


{/var/lib/texmf/fonts/map/pdftex/updmap/pdftex.map}] [2

]
Chapter 1.
(./propriete_matrice_correlation.tex
Package epstopdf Info: Source file: </home/willy/Documents/latexDoc/redactionTh
ese/fusion_fichiers/images_fusionChapitres/reseauElectriqueMatriceCorrelation.e
ps>
(epstopdf)                    date: 2017-12-28 10:36:32
(epstopdf)                    size: 88645 bytes
(epstopdf)             Output file: </home/willy/Documents/latexDoc/redactionTh
ese/fusion_fichiers/images_fusionChapitres/reseauElectriqueMatriceCorrelation-e
ps-converted-to.pdf>
(epstopdf)                    date: 2017-12-28 10:39:29
(epstopdf)                    size: 25961 bytes
(epstopdf)             Command: <repstopdf --outfile=/home/willy/Documents/late
xDoc/redactionThese/fusion_fichiers/images_fusionChapitres/reseauElectriqueMatr
iceCorrelation-eps-converted-to.pdf /home/willy/Documents/latexDoc/redactionThe
se/fusion_fichiers/images_fusionChapitres/reseauElectriqueMatriceCorrelation.ep
s>
(epstopdf)             \includegraphics on input line 65.
Package epstopdf Info: Output file is already uptodate.

</home/willy/Documents/latexDoc/redactionThese/fusion_fichiers/images_fusionCha
pitres/reseauElectriqueMatriceCorrelation-eps-converted-to.pdf, id=12, 844.1537
5pt x 207.77625pt>
File: /home/willy/Documents/latexDoc/redactionThese/fusion_fichiers/images_fusi
onChapitres/reseauElectriqueMatriceCorrelation-eps-converted-to.pdf Graphic fil
e (type pdf)

<use /home/willy/Documents/latexDoc/redactionThese/fusion_fichiers/images_fusio
nChapitres/reseauElectriqueMatriceCorrelation-eps-converted-to.pdf>
Package pdftex.def Info: /home/willy/Documents/latexDoc/redactionThese/fusion_f
ichiers/images_fusionChapitres/reseauElectriqueMatriceCorrelation-eps-converted
-to.pdf used on input line 65.
(pdftex.def)             Requested size: 422.07584pt x 103.88786pt.
 [3 </home/willy/Documents/latexDoc/redactionThese/fusion_fichiers/images_fusio
nChapitres/reseauElectriqueMatriceCorrelation-eps-converted-to.pdf>]
Package epstopdf Info: Source file: </home/willy/Documents/latexDoc/redactionTh
ese/fusion_fichiers/images_fusionChapitres/rootGrapheLineGrapheExemple.eps>
(epstopdf)                    date: 2017-12-28 10:37:52
(epstopdf)                    size: 87842 bytes
(epstopdf)             Output file: </home/willy/Documents/latexDoc/redactionTh
ese/fusion_fichiers/images_fusionChapitres/rootGrapheLineGrapheExemple-eps-conv
erted-to.pdf>
(epstopdf)                    date: 2017-12-28 10:39:29
(epstopdf)                    size: 17716 bytes
(epstopdf)             Command: <repstopdf --outfile=/home/willy/Documents/late
xDoc/redactionThese/fusion_fichiers/images_fusionChapitres/rootGrapheLineGraphe
Exemple-eps-converted-to.pdf /home/willy/Documents/latexDoc/redactionThese/fusi
on_fichiers/images_fusionChapitres/rootGrapheLineGrapheExemple.eps>
(epstopdf)             \includegraphics on input line 91.
Package epstopdf Info: Output file is already uptodate.

</home/willy/Documents/latexDoc/redactionThese/fusion_fichiers/images_fusionCha
pitres/rootGrapheLineGrapheExemple-eps-converted-to.pdf, id=23, 626.34pt x 402.
50375pt>
File: /home/willy/Documents/latexDoc/redactionThese/fusion_fichiers/images_fusi
onChapitres/rootGrapheLineGrapheExemple-eps-converted-to.pdf Graphic file (type
 pdf)

<use /home/willy/Documents/latexDoc/redactionThese/fusion_fichiers/images_fusio
nChapitres/rootGrapheLineGrapheExemple-eps-converted-to.pdf>
Package pdftex.def Info: /home/willy/Documents/latexDoc/redactionThese/fusion_f
ichiers/images_fusionChapitres/rootGrapheLineGrapheExemple-eps-converted-to.pdf
 used on input line 91.
(pdftex.def)             Requested size: 313.16922pt x 201.25137pt.


LaTeX Warning: Citation `isomorphismeLineGraphe' on page 4 undefined on input l
ine 97.

[4 </home/willy/Documents/latexDoc/redactionThese/fusion_fichiers/images_fusion
Chapitres/rootGrapheLineGrapheExemple-eps-converted-to.pdf>]
Package epstopdf Info: Source file: </home/willy/Documents/latexDoc/redactionTh
ese/fusion_fichiers/images_fusionChapitres/graphesRacinesDeQuatresAretes.eps>
(epstopdf)                    date: 2017-12-28 10:38:01
(epstopdf)                    size: 53236 bytes
(epstopdf)             Output file: </home/willy/Documents/latexDoc/redactionTh
ese/fusion_fichiers/images_fusionChapitres/graphesRacinesDeQuatresAretes-eps-co
nverted-to.pdf>
(epstopdf)                    date: 2017-12-28 10:39:30
(epstopdf)                    size: 5870 bytes
(epstopdf)             Command: <repstopdf --outfile=/home/willy/Documents/late
xDoc/redactionThese/fusion_fichiers/images_fusionChapitres/graphesRacinesDeQuat
resAretes-eps-converted-to.pdf /home/willy/Documents/latexDoc/redactionThese/fu
sion_fichiers/images_fusionChapitres/graphesRacinesDeQuatresAretes.eps>
(epstopdf)             \includegraphics on input line 116.
Package epstopdf Info: Output file is already uptodate.

</home/willy/Documents/latexDoc/redactionThese/fusion_fichiers/images_fusionCha
pitres/graphesRacinesDeQuatresAretes-eps-converted-to.pdf, id=32, 623.32875pt x
 507.8975pt>
File: /home/willy/Documents/latexDoc/redactionThese/fusion_fichiers/images_fusi
onChapitres/graphesRacinesDeQuatresAretes-eps-converted-to.pdf Graphic file (ty
pe pdf)

<use /home/willy/Documents/latexDoc/redactionThese/fusion_fichiers/images_fusio
nChapitres/graphesRacinesDeQuatresAretes-eps-converted-to.pdf>
Package pdftex.def Info: /home/willy/Documents/latexDoc/redactionThese/fusion_f
ichiers/images_fusionChapitres/graphesRacinesDeQuatresAretes-eps-converted-to.p
df used on input line 116.
(pdftex.def)             Requested size: 311.6636pt x 253.94814pt.


LaTeX Warning: Citation `neufLineGrapheInterdit' on page 5 undefined on input l
ine 122.

Package epstopdf Info: Source file: </home/willy/Documents/latexDoc/redactionTh
ese/fusion_fichiers/images_fusionChapitres/neufSousGraphesInterditDesLineGraphe
s.eps>
(epstopdf)                    date: 2017-12-24 14:31:54
(epstopdf)                    size: 82093 bytes
(epstopdf)             Output file: </home/willy/Documents/latexDoc/redactionTh
ese/fusion_fichiers/images_fusionChapitres/neufSousGraphesInterditDesLineGraphe
s-eps-converted-to.pdf>
(epstopdf)                    date: 2017-12-28 10:39:30
(epstopdf)                    size: 11616 bytes
(epstopdf)             Command: <repstopdf --outfile=/home/willy/Documents/late
xDoc/redactionThese/fusion_fichiers/images_fusionChapitres/neufSousGraphesInter
ditDesLineGraphes-eps-converted-to.pdf /home/willy/Documents/latexDoc/redaction
These/fusion_fichiers/images_fusionChapitres/neufSousGraphesInterditDesLineGrap
hes.eps>
(epstopdf)             \includegraphics on input line 128.
Package epstopdf Info: Output file is already uptodate.

</home/willy/Documents/latexDoc/redactionThese/fusion_fichiers/images_fusionCha
pitres/neufSousGraphesInterditDesLineGraphes-eps-converted-to.pdf, id=33, 775.8
9874pt x 686.565pt>
File: /home/willy/Documents/latexDoc/redactionThese/fusion_fichiers/images_fusi
onChapitres/neufSousGraphesInterditDesLineGraphes-eps-converted-to.pdf Graphic 
file (type pdf)

<use /home/willy/Documents/latexDoc/redactionThese/fusion_fichiers/images_fusio
nChapitres/neufSousGraphesInterditDesLineGraphes-eps-converted-to.pdf>
Package pdftex.def Info: /home/willy/Documents/latexDoc/redactionThese/fusion_f
ichiers/images_fusionChapitres/neufSousGraphesInterditDesLineGraphes-eps-conver
ted-to.pdf used on input line 128.
(pdftex.def)             Requested size: 387.94843pt x 343.28166pt.


LaTeX Warning: Citation `decompositionEnCliquesParArcs' on page 5 undefined on 
input line 154.


LaTeX Warning: Citation `ROOIJetWILF1965interchange' on page 5 undefined on inp
ut line 154.


LaTeX Warning: Citation `krausz1943demonstration' on page 5 undefined on input 
line 161.


LaTeX Warning: Citation `ORE' on page 5 undefined on input line 164.


LaTeX Warning: Citation `whitney1932congruent' on page 5 undefined on input lin
e 164.


LaTeX Warning: Citation `decompositionEnCliques' on page 5 undefined on input l
ine 165.

[5 </home/willy/Documents/latexDoc/redactionThese/fusion_fichiers/images_fusion
Chapitres/graphesRacinesDeQuatresAretes-eps-converted-to.pdf>]
Underfull \vbox (badness 10000) has occurred while \output is active []

 [6 </home/willy/Documents/latexDoc/redactionThese/fusion_fichiers/images_fusio
nChapitres/neufSousGraphesInterditDesLineGraphes-eps-converted-to.pdf>])
(./definition_probleme.tex
Underfull \hbox (badness 10000) in paragraph at lines 20--24

 []


LaTeX Warning: Citation `ROUSSOPOULOS1973108' on page 7 undefined on input line
 32.

) (./line_couverture.tex
Underfull \hbox (badness 10000) in paragraph at lines 1--4

 []

Package epstopdf Info: Source file: </home/willy/Documents/latexDoc/redactionTh
ese/fusion_fichiers/images_fusionChapitres/typeSommetsEnCommun.eps>
(epstopdf)                    date: 2017-09-09 10:30:54
(epstopdf)                    size: 58853 bytes
(epstopdf)             Output file: </home/willy/Documents/latexDoc/redactionTh
ese/fusion_fichiers/images_fusionChapitres/typeSommetsEnCommun-eps-converted-to
.pdf>
(epstopdf)                    date: 2017-09-09 10:31:21
(epstopdf)                    size: 9432 bytes
(epstopdf)             Command: <repstopdf --outfile=/home/willy/Documents/late
xDoc/redactionThese/fusion_fichiers/images_fusionChapitres/typeSommetsEnCommun-
eps-converted-to.pdf /home/willy/Documents/latexDoc/redactionThese/fusion_fichi
ers/images_fusionChapitres/typeSommetsEnCommun.eps>
(epstopdf)             \includegraphics on input line 9.
Package epstopdf Info: Output file is already uptodate.

</home/willy/Documents/latexDoc/redactionThese/fusion_fichiers/images_fusionCha
pitres/typeSommetsEnCommun-eps-converted-to.pdf, id=44, 893.3375pt x 198.7425pt
>
File: /home/willy/Documents/latexDoc/redactionThese/fusion_fichiers/images_fusi
onChapitres/typeSommetsEnCommun-eps-converted-to.pdf Graphic file (type pdf)

<use /home/willy/Documents/latexDoc/redactionThese/fusion_fichiers/images_fusio
nChapitres/typeSommetsEnCommun-eps-converted-to.pdf>
Package pdftex.def Info: /home/willy/Documents/latexDoc/redactionThese/fusion_f
ichiers/images_fusionChapitres/typeSommetsEnCommun-eps-converted-to.pdf used on
 input line 9.
(pdftex.def)             Requested size: 446.66765pt x 99.371pt.
 [7]

LaTeX Warning: File `configurationAmbiguite.eps' not found on input line 33.

Package epstopdf Info: Source file: <configurationAmbiguite.eps>
(epstopdf)             Output file: </home/willy/Documents/latexDoc/redactionTh
ese/fusion_fichiers/images_fusionChapitres/configurationAmbiguite-eps-converted
-to.pdf>
(epstopdf)                    date: 2017-04-18 22:46:25
(epstopdf)                    size: 25806 bytes
(epstopdf)             Command: <repstopdf --outfile=/home/willy/Documents/late
xDoc/redactionThese/fusion_fichiers/images_fusionChapitres/configurationAmbigui
te-eps-converted-to.pdf configurationAmbiguite.eps>
(epstopdf)             \includegraphics on input line 33.
Package epstopdf Info: Output file is already uptodate.

</home/willy/Documents/latexDoc/redactionThese/fusion_fichiers/images_fusionCha
pitres/configurationAmbiguite-eps-converted-to.pdf, id=51, 700.6175pt x 196.735
pt>
File: /home/willy/Documents/latexDoc/redactionThese/fusion_fichiers/images_fusi
onChapitres/configurationAmbiguite-eps-converted-to.pdf Graphic file (type pdf)


<use /home/willy/Documents/latexDoc/redactionThese/fusion_fichiers/images_fusio
nChapitres/configurationAmbiguite-eps-converted-to.pdf>
Package pdftex.def Info: /home/willy/Documents/latexDoc/redactionThese/fusion_f
ichiers/images_fusionChapitres/configurationAmbiguite-eps-converted-to.pdf used
 on input line 33.
(pdftex.def)             Requested size: 490.42891pt x 137.71355pt.


LaTeX Warning: File `graphe2Couverture.eps' not found on input line 66.

Package epstopdf Info: Source file: <graphe2Couverture.eps>
(epstopdf)             Output file: </home/willy/Documents/latexDoc/redactionTh
ese/fusion_fichiers/images_fusionChapitres/graphe2Couverture-eps-converted-to.p
df>
(epstopdf)                    date: 2017-02-21 22:22:06
(epstopdf)                    size: 3954 bytes
(epstopdf)             Command: <repstopdf --outfile=/home/willy/Documents/late
xDoc/redactionThese/fusion_fichiers/images_fusionChapitres/graphe2Couverture-ep
s-converted-to.pdf graphe2Couverture.eps>
(epstopdf)             \includegraphics on input line 66.
Package epstopdf Info: Output file is already uptodate.

</home/willy/Documents/latexDoc/redactionThese/fusion_fichiers/images_fusionCha
pitres/graphe2Couverture-eps-converted-to.pdf, id=52, 630.355pt x 182.6825pt>
File: /home/willy/Documents/latexDoc/redactionThese/fusion_fichiers/images_fusi
onChapitres/graphe2Couverture-eps-converted-to.pdf Graphic file (type pdf)

<use /home/willy/Documents/latexDoc/redactionThese/fusion_fichiers/images_fusio
nChapitres/graphe2Couverture-eps-converted-to.pdf>
Package pdftex.def Info: /home/willy/Documents/latexDoc/redactionThese/fusion_f
ichiers/images_fusionChapitres/graphe2Couverture-eps-converted-to.pdf used on i
nput line 66.
(pdftex.def)             Requested size: 472.76509pt x 137.01152pt.
 [8 </home/willy/Documents/latexDoc/redactionThese/fusion_fichiers/images_fusio
nChapitres/typeSommetsEnCommun-eps-converted-to.pdf> </home/willy/Documents/lat
exDoc/redactionThese/fusion_fichiers/images_fusionChapitres/configurationAmbigu
ite-eps-converted-to.pdf>]

LaTeX Warning: Citation `decompositionEnCliquesParArcs' on page 9 undefined on 
input line 95.

) (./introduction_algorithme_decouverte.tex) [9 </home/willy/Documents/latexDoc
/redactionThese/fusion_fichiers/images_fusionChapitres/graphe2Couverture-eps-co
nverted-to.pdf>] (./algorithme_couverture.tex
LaTeX Font Info:    Try loading font information for OMS+cmr on input line 8.

(/usr/share/texlive/texmf-dist/tex/latex/base/omscmr.fd
File: omscmr.fd 2014/09/29 v2.5h Standard LaTeX font definitions
)
LaTeX Font Info:    Font shape `OMS/cmr/m/n' in size <12> not available
(Font)              Font shape `OMS/cmsy/m/n' tried instead on input line 8.

Underfull \hbox (badness 10000) in paragraph at lines 28--60

 []

[10] [11]
Underfull \hbox (badness 10000) in paragraph at lines 63--65

 []


Underfull \hbox (badness 10000) in paragraph at lines 66--71

 []

[12]
</home/willy/Documents/latexDoc/redactionThese/fusion_fichiers/images_fusionCha
pitres/courbe_similarite_selon_EJ_pour_epsilon_075.png, id=77, 578.16pt x 433.6
2pt>
File: /home/willy/Documents/latexDoc/redactionThese/fusion_fichiers/images_fusi
onChapitres/courbe_similarite_selon_EJ_pour_epsilon_075.png Graphic file (type 
png)

<use /home/willy/Documents/latexDoc/redactionThese/fusion_fichiers/images_fusio
nChapitres/courbe_similarite_selon_EJ_pour_epsilon_075.png>
Package pdftex.def Info: /home/willy/Documents/latexDoc/redactionThese/fusion_f
ichiers/images_fusionChapitres/courbe_similarite_selon_EJ_pour_epsilon_075.png 
used on input line 113.
(pdftex.def)             Requested size: 289.07928pt x 216.80946pt.

</home/willy/Documents/latexDoc/redactionThese/fusion_fichiers/images_fusionCha
pitres/courbe_epsilon_selon_nbreEJ_pour_similarite_1.png, id=79, 433.62pt x 289
.08pt>
File: /home/willy/Documents/latexDoc/redactionThese/fusion_fichiers/images_fusi
onChapitres/courbe_epsilon_selon_nbreEJ_pour_similarite_1.png Graphic file (typ
e png)

<use /home/willy/Documents/latexDoc/redactionThese/fusion_fichiers/images_fusio
nChapitres/courbe_epsilon_selon_nbreEJ_pour_similarite_1.png>
Package pdftex.def Info: /home/willy/Documents/latexDoc/redactionThese/fusion_f
ichiers/images_fusionChapitres/courbe_epsilon_selon_nbreEJ_pour_similarite_1.pn
g used on input line 119.
(pdftex.def)             Requested size: 281.84966pt x 187.89977pt.


LaTeX Warning: Citation `decompositionEnCliques' on page 13 undefined on input 
line 132.


Underfull \hbox (badness 10000) in paragraph at lines 131--135

 []

[13 </home/willy/Documents/latexDoc/redactionThese/fusion_fichiers/images_fusio
nChapitres/courbe_similarite_selon_EJ_pour_epsilon_075.png>])
(./algorithme_correction.tex
Underfull \hbox (badness 10000) in paragraph at lines 61--65

 []


LaTeX Warning: Reference `simulationsTheoriques' on page 14 undefined on input 
line 68.


Underfull \hbox (badness 10000) in paragraph at lines 66--72

 []

[14 </home/willy/Documents/latexDoc/redactionThese/fusion_fichiers/images_fusio
nChapitres/courbe_epsilon_selon_nbreEJ_pour_similarite_1.png>]

LaTeX Warning: File `./correctionGraph.eps' not found on input line 106.

Package epstopdf Info: Source file: <./correctionGraph.eps>
(epstopdf)             Output file: </home/willy/Documents/latexDoc/redactionTh
ese/fusion_fichiers/images_fusionChapitres/correctionGraph-eps-converted-to.pdf
>
(epstopdf)                    date: 2017-04-18 22:53:01
(epstopdf)                    size: 18538 bytes
(epstopdf)             Command: <repstopdf --outfile=/home/willy/Documents/late
xDoc/redactionThese/fusion_fichiers/images_fusionChapitres/correctionGraph-eps-
converted-to.pdf ./correctionGraph.eps>
(epstopdf)             \includegraphics on input line 106.
Package epstopdf Info: Output file is already uptodate.

</home/willy/Documents/latexDoc/redactionThese/fusion_fichiers/images_fusionCha
pitres/correctionGraph-eps-converted-to.pdf, id=89, 1139.25626pt x 457.71pt>
File: /home/willy/Documents/latexDoc/redactionThese/fusion_fichiers/images_fusi
onChapitres/correctionGraph-eps-converted-to.pdf Graphic file (type pdf)

<use /home/willy/Documents/latexDoc/redactionThese/fusion_fichiers/images_fusio
nChapitres/correctionGraph-eps-converted-to.pdf>
Package pdftex.def Info: /home/willy/Documents/latexDoc/redactionThese/fusion_f
ichiers/images_fusionChapitres/correctionGraph-eps-converted-to.pdf used on inp
ut line 106.
(pdftex.def)             Requested size: 512.66058pt x 205.96759pt.

Overfull \hbox (12.17659pt too wide) in paragraph at lines 106--107
[][]
 []

LaTeX Font Info:    Font shape `OMS/cmr/m/it' in size <12> not available
(Font)              Font shape `OMS/cmsy/m/n' tried instead on input line 115.
[15]
Underfull \hbox (badness 10000) in paragraph at lines 138--145

 []

[16 </home/willy/Documents/latexDoc/redactionThese/fusion_fichiers/images_fusio
nChapitres/correctionGraph-eps-converted-to.pdf>]) (./complexite_algorithme.tex

Underfull \hbox (badness 10000) in paragraph at lines 55--59

 []

) (./topologie_dag.tex [17] [18]
Underfull \hbox (badness 10000) in paragraph at lines 73--132

 []

[19] [20]
Underfull \hbox (badness 10000) in paragraph at lines 138--140

 []

[21]) (./graphe_iourte.tex
Package epstopdf Info: Source file: </home/willy/Documents/latexDoc/redactionTh
ese/fusion_fichiers/images_fusionChapitres/grapheIourteG0.eps>
(epstopdf)                    date: 2017-12-27 14:39:21
(epstopdf)                    size: 51540 bytes
(epstopdf)             Output file: </home/willy/Documents/latexDoc/redactionTh
ese/fusion_fichiers/images_fusionChapitres/grapheIourteG0-eps-converted-to.pdf>

(epstopdf)                    date: 2017-12-27 15:13:22
(epstopdf)                    size: 7026 bytes
(epstopdf)             Command: <repstopdf --outfile=/home/willy/Documents/late
xDoc/redactionThese/fusion_fichiers/images_fusionChapitres/grapheIourteG0-eps-c
onverted-to.pdf /home/willy/Documents/latexDoc/redactionThese/fusion_fichiers/i
mages_fusionChapitres/grapheIourteG0.eps>
(epstopdf)             \includegraphics on input line 22.
Package epstopdf Info: Output file is already uptodate.

</home/willy/Documents/latexDoc/redactionThese/fusion_fichiers/images_fusionCha
pitres/grapheIourteG0-eps-converted-to.pdf, id=115, 376.40625pt x 382.42876pt>
File: /home/willy/Documents/latexDoc/redactionThese/fusion_fichiers/images_fusi
onChapitres/grapheIourteG0-eps-converted-to.pdf Graphic file (type pdf)

<use /home/willy/Documents/latexDoc/redactionThese/fusion_fichiers/images_fusio
nChapitres/grapheIourteG0-eps-converted-to.pdf>
Package pdftex.def Info: /home/willy/Documents/latexDoc/redactionThese/fusion_f
ichiers/images_fusionChapitres/grapheIourteG0-eps-converted-to.pdf used on inpu
t line 22.
(pdftex.def)             Requested size: 282.30399pt x 286.82085pt.
Package epstopdf Info: Source file: </home/willy/Documents/latexDoc/redactionTh
ese/fusion_fichiers/images_fusionChapitres/grapheIourteG01eExecution.eps>
(epstopdf)                    date: 2017-12-27 15:15:31
(epstopdf)                    size: 113674 bytes
(epstopdf)             Output file: </home/willy/Documents/latexDoc/redactionTh
ese/fusion_fichiers/images_fusionChapitres/grapheIourteG01eExecution-eps-conver
ted-to.pdf>
(epstopdf)                    date: 2017-12-27 15:15:35
(epstopdf)                    size: 23647 bytes
(epstopdf)             Command: <repstopdf --outfile=/home/willy/Documents/late
xDoc/redactionThese/fusion_fichiers/images_fusionChapitres/grapheIourteG01eExec
ution-eps-converted-to.pdf /home/willy/Documents/latexDoc/redactionThese/fusion
_fichiers/images_fusionChapitres/grapheIourteG01eExecution.eps>
(epstopdf)             \includegraphics on input line 43.
Package epstopdf Info: Output file is already uptodate.

</home/willy/Documents/latexDoc/redactionThese/fusion_fichiers/images_fusionCha
pitres/grapheIourteG01eExecution-eps-converted-to.pdf, id=116, 870.25125pt x 48
7.8225pt>
File: /home/willy/Documents/latexDoc/redactionThese/fusion_fichiers/images_fusi
onChapitres/grapheIourteG01eExecution-eps-converted-to.pdf Graphic file (type p
df)

<use /home/willy/Documents/latexDoc/redactionThese/fusion_fichiers/images_fusio
nChapitres/grapheIourteG01eExecution-eps-converted-to.pdf>
Package pdftex.def Info: /home/willy/Documents/latexDoc/redactionThese/fusion_f
ichiers/images_fusionChapitres/grapheIourteG01eExecution-eps-converted-to.pdf u
sed on input line 43.
(pdftex.def)             Requested size: 496.04837pt x 278.0617pt.
) [22]

LaTeX Warning: Text page 23 contains only floats.

[23 </home/willy/Documents/latexDoc/redactionThese/fusion_fichiers/images_fusio
nChapitres/grapheIourteG0-eps-converted-to.pdf> </home/willy/Documents/latexDoc
/redactionThese/fusion_fichiers/images_fusionChapitres/grapheIourteG01eExecutio
n-eps-converted-to.pdf>] (./linegraphes.aux)

LaTeX Warning: There were undefined references.


LaTeX Warning: Label(s) may have changed. Rerun to get cross-references right.

 ) 
Here is how much of TeX's memory you used:
 6351 strings out of 494910
 98645 string characters out of 6179836
 169646 words of memory out of 5000000
 9476 multiletter control sequences out of 15000+600000
 14380 words of font info for 54 fonts, out of 8000000 for 9000
 36 hyphenation exceptions out of 8191
 42i,8n,39p,629b,348s stack positions out of 5000i,500n,10000p,200000b,80000s
</usr/share/texlive/texmf-dist/fonts/type1/public/amsfonts/cm/cmbx12.pfb></us
r/share/texlive/texmf-dist/fonts/type1/public/amsfonts/cm/cmbxti10.pfb></usr/sh
are/texlive/texmf-dist/fonts/type1/public/amsfonts/cm/cmex10.pfb></usr/share/te
xlive/texmf-dist/fonts/type1/public/amsfonts/cm/cmmi12.pfb></usr/share/texlive/
texmf-dist/fonts/type1/public/amsfonts/cm/cmmi6.pfb></usr/share/texlive/texmf-d
ist/fonts/type1/public/amsfonts/cm/cmmi8.pfb></usr/share/texlive/texmf-dist/fon
ts/type1/public/amsfonts/cm/cmr12.pfb></usr/share/texlive/texmf-dist/fonts/type
1/public/amsfonts/cm/cmr17.pfb></usr/share/texlive/texmf-dist/fonts/type1/publi
c/amsfonts/cm/cmr6.pfb></usr/share/texlive/texmf-dist/fonts/type1/public/amsfon
ts/cm/cmr8.pfb></usr/share/texlive/texmf-dist/fonts/type1/public/amsfonts/cm/cm
sl12.pfb></usr/share/texlive/texmf-dist/fonts/type1/public/amsfonts/cm/cmsy10.p
fb></usr/share/texlive/texmf-dist/fonts/type1/public/amsfonts/cm/cmsy6.pfb></us
r/share/texlive/texmf-dist/fonts/type1/public/amsfonts/cm/cmsy8.pfb></usr/share
/texlive/texmf-dist/fonts/type1/public/amsfonts/cm/cmti12.pfb></usr/share/texli
ve/texmf-dist/fonts/type1/public/amsfonts/symbols/msbm10.pfb>
Output written on linegraphes.pdf (23 pages, 399885 bytes).
PDF statistics:
 179 PDF objects out of 1000 (max. 8388607)
 121 compressed objects within 2 object streams
 0 named destinations out of 1000 (max. 500000)
 61 words of extra memory for PDF output out of 10000 (max. 10000000)

