This is pdfTeX, Version 3.14159265-2.6-1.40.16 (TeX Live 2015/Debian) (preloaded format=pdflatex 2017.8.23)  1 FEB 2018 19:02
entering extended mode
 restricted \write18 enabled.
 %&-line parsing enabled.
**simulationsGraphesTheoriques.tex
(./simulationsGraphesTheoriques.tex
LaTeX2e <2016/02/01>
Babel <3.9q> and hyphenation patterns for 5 language(s) loaded.
(/usr/share/texlive/texmf-dist/tex/latex/base/book.cls
Document Class: book 2014/09/29 v1.4h Standard LaTeX document class
(/usr/share/texlive/texmf-dist/tex/latex/base/bk12.clo
File: bk12.clo 2014/09/29 v1.4h Standard LaTeX file (size option)
)
\c@part=\count79
\c@chapter=\count80
\c@section=\count81
\c@subsection=\count82
\c@subsubsection=\count83
\c@paragraph=\count84
\c@subparagraph=\count85
\c@figure=\count86
\c@table=\count87
\abovecaptionskip=\skip41
\belowcaptionskip=\skip42
\bibindent=\dimen102
)
(/usr/share/texlive/texmf-dist/tex/latex/base/inputenc.sty
Package: inputenc 2015/03/17 v1.2c Input encoding file
\inpenc@prehook=\toks14
\inpenc@posthook=\toks15

(/usr/share/texlive/texmf-dist/tex/latex/base/latin1.def
File: latin1.def 2015/03/17 v1.2c Input encoding file
))
(/usr/share/texlive/texmf-dist/tex/latex/amsmath/amsmath.sty
Package: amsmath 2016/03/03 v2.15a AMS math features
\@mathmargin=\skip43

For additional information on amsmath, use the `?' option.
(/usr/share/texlive/texmf-dist/tex/latex/amsmath/amstext.sty
Package: amstext 2000/06/29 v2.01 AMS text

(/usr/share/texlive/texmf-dist/tex/latex/amsmath/amsgen.sty
File: amsgen.sty 1999/11/30 v2.0 generic functions
\@emptytoks=\toks16
\ex@=\dimen103
))
(/usr/share/texlive/texmf-dist/tex/latex/amsmath/amsbsy.sty
Package: amsbsy 1999/11/29 v1.2d Bold Symbols
\pmbraise@=\dimen104
)
(/usr/share/texlive/texmf-dist/tex/latex/amsmath/amsopn.sty
Package: amsopn 1999/12/14 v2.01 operator names
)
\inf@bad=\count88
LaTeX Info: Redefining \frac on input line 199.
\uproot@=\count89
\leftroot@=\count90
LaTeX Info: Redefining \overline on input line 297.
\classnum@=\count91
\DOTSCASE@=\count92
LaTeX Info: Redefining \ldots on input line 394.
LaTeX Info: Redefining \dots on input line 397.
LaTeX Info: Redefining \cdots on input line 518.
\Mathstrutbox@=\box26
\strutbox@=\box27
\big@size=\dimen105
LaTeX Font Info:    Redeclaring font encoding OML on input line 630.
LaTeX Font Info:    Redeclaring font encoding OMS on input line 631.
\macc@depth=\count93
\c@MaxMatrixCols=\count94
\dotsspace@=\muskip10
\c@parentequation=\count95
\dspbrk@lvl=\count96
\tag@help=\toks17
\row@=\count97
\column@=\count98
\maxfields@=\count99
\andhelp@=\toks18
\eqnshift@=\dimen106
\alignsep@=\dimen107
\tagshift@=\dimen108
\tagwidth@=\dimen109
\totwidth@=\dimen110
\lineht@=\dimen111
\@envbody=\toks19
\multlinegap=\skip44
\multlinetaggap=\skip45
\mathdisplay@stack=\toks20
LaTeX Info: Redefining \[ on input line 2735.
LaTeX Info: Redefining \] on input line 2736.
)
(/usr/share/texlive/texmf-dist/tex/latex/algorithms/algorithm.sty
Package: algorithm 2009/08/24 v0.1 Document Style `algorithm' - floating enviro
nment

(/usr/share/texlive/texmf-dist/tex/latex/float/float.sty
Package: float 2001/11/08 v1.3d Float enhancements (AL)
\c@float@type=\count100
\float@exts=\toks21
\float@box=\box28
\@float@everytoks=\toks22
\@floatcapt=\box29
)
(/usr/share/texlive/texmf-dist/tex/latex/base/ifthen.sty
Package: ifthen 2014/09/29 v1.1c Standard LaTeX ifthen package (DPC)
)
\@float@every@algorithm=\toks23
\c@algorithm=\count101
)
(/usr/share/texlive/texmf-dist/tex/latex/algorithms/algorithmic.sty
Package: algorithmic 2009/08/24 v0.1 Document Style `algorithmic'

(/usr/share/texlive/texmf-dist/tex/latex/graphics/keyval.sty
Package: keyval 2014/10/28 v1.15 key=value parser (DPC)
\KV@toks@=\toks24
)
\c@ALC@unique=\count102
\c@ALC@line=\count103
\c@ALC@rem=\count104
\c@ALC@depth=\count105
\ALC@tlm=\skip46
\algorithmicindent=\skip47
)
(/usr/share/texlive/texmf-dist/tex/latex/tools/layout.sty
Package: layout 2014/10/28 v1.2c Show layout parameters
\oneinch=\count106
\cnt@paperwidth=\count107
\cnt@paperheight=\count108
\cnt@hoffset=\count109
\cnt@voffset=\count110
\cnt@textheight=\count111
\cnt@textwidth=\count112
\cnt@topmargin=\count113
\cnt@oddsidemargin=\count114
\cnt@evensidemargin=\count115
\cnt@headheight=\count116
\cnt@headsep=\count117
\cnt@marginparsep=\count118
\cnt@marginparwidth=\count119
\cnt@marginparpush=\count120
\cnt@footskip=\count121
\fheight=\count122
\ref@top=\count123
\ref@hoffset=\count124
\ref@voffset=\count125
\ref@head=\count126
\ref@body=\count127
\ref@foot=\count128
\ref@margin=\count129
\ref@marginwidth=\count130
\ref@marginpar=\count131
\Interval=\count132
\ExtraYPos=\count133
\PositionX=\count134
\PositionY=\count135
\ArrowLength=\count136
)
(/usr/share/texlive/texmf-dist/tex/latex/geometry/geometry.sty
Package: geometry 2010/09/12 v5.6 Page Geometry

(/usr/share/texlive/texmf-dist/tex/generic/oberdiek/ifpdf.sty
Package: ifpdf 2011/01/30 v2.3 Provides the ifpdf switch (HO)
Package ifpdf Info: pdfTeX in PDF mode is detected.
)
(/usr/share/texlive/texmf-dist/tex/generic/oberdiek/ifvtex.sty
Package: ifvtex 2010/03/01 v1.5 Detect VTeX and its facilities (HO)
Package ifvtex Info: VTeX not detected.
)
(/usr/share/texlive/texmf-dist/tex/generic/ifxetex/ifxetex.sty
Package: ifxetex 2010/09/12 v0.6 Provides ifxetex conditional
)
\Gm@cnth=\count137
\Gm@cntv=\count138
\c@Gm@tempcnt=\count139
\Gm@bindingoffset=\dimen112
\Gm@wd@mp=\dimen113
\Gm@odd@mp=\dimen114
\Gm@even@mp=\dimen115
\Gm@layoutwidth=\dimen116
\Gm@layoutheight=\dimen117
\Gm@layouthoffset=\dimen118
\Gm@layoutvoffset=\dimen119
\Gm@dimlist=\toks25
)
(/usr/share/texlive/texmf-dist/tex/latex/setspace/setspace.sty
Package: setspace 2011/12/19 v6.7a set line spacing
)
(/usr/share/texlive/texmf-dist/tex/latex/soul/soul.sty
Package: soul 2003/11/17 v2.4 letterspacing/underlining (mf)
\SOUL@word=\toks26
\SOUL@lasttoken=\toks27
\SOUL@cmds=\toks28
\SOUL@buffer=\toks29
\SOUL@token=\toks30
\SOUL@spaceskip=\skip48
\SOUL@ttwidth=\dimen120
\SOUL@uldp=\dimen121
\SOUL@ulht=\dimen122
)
(/usr/share/texlive/texmf-dist/tex/latex/graphics/color.sty
Package: color 2016/01/03 v1.1b Standard LaTeX Color (DPC)

(/usr/share/texlive/texmf-dist/tex/latex/latexconfig/color.cfg
File: color.cfg 2007/01/18 v1.5 color configuration of teTeX/TeXLive
)
Package color Info: Driver file: pdftex.def on input line 143.

(/usr/share/texlive/texmf-dist/tex/latex/pdftex-def/pdftex.def
File: pdftex.def 2011/05/27 v0.06d Graphics/color for pdfTeX

(/usr/share/texlive/texmf-dist/tex/generic/oberdiek/infwarerr.sty
Package: infwarerr 2010/04/08 v1.3 Providing info/warning/error messages (HO)
)
(/usr/share/texlive/texmf-dist/tex/generic/oberdiek/ltxcmds.sty
Package: ltxcmds 2011/11/09 v1.22 LaTeX kernel commands for general use (HO)
)
\Gread@gobject=\count140
))
(/usr/share/texlive/texmf-dist/tex/latex/tools/verbatim.sty
Package: verbatim 2014/10/28 v1.5q LaTeX2e package for verbatim enhancements
\every@verbatim=\toks31
\verbatim@line=\toks32
\verbatim@in@stream=\read1
)
(/usr/share/texlive/texmf-dist/tex/latex/moreverb/moreverb.sty
Package: moreverb 2008/06/03 v2.3a `more' verbatim facilities
\tab@position=\count141
\tab@size=\count142
\listing@line=\count143
)
(/usr/share/texlive/texmf-dist/tex/latex/listings/listings.sty
\lst@mode=\count144
\lst@gtempboxa=\box30
\lst@token=\toks33
\lst@length=\count145
\lst@currlwidth=\dimen123
\lst@column=\count146
\lst@pos=\count147
\lst@lostspace=\dimen124
\lst@width=\dimen125
\lst@newlines=\count148
\lst@lineno=\count149
\lst@maxwidth=\dimen126

(/usr/share/texlive/texmf-dist/tex/latex/listings/lstmisc.sty
File: lstmisc.sty 2015/06/04 1.6 (Carsten Heinz)
\c@lstnumber=\count150
\lst@skipnumbers=\count151
\lst@framebox=\box31
)
(/usr/share/texlive/texmf-dist/tex/latex/listings/listings.cfg
File: listings.cfg 2015/06/04 1.6 listings configuration
))
Package: listings 2015/06/04 1.6 (Carsten Heinz)

(/usr/share/texlive/texmf-dist/tex/latex/url/url.sty
\Urlmuskip=\muskip11
Package: url 2013/09/16  ver 3.4  Verb mode for urls, etc.
)
(/usr/share/texlive/texmf-dist/tex/latex/graphics/graphicx.sty
Package: graphicx 2014/10/28 v1.0g Enhanced LaTeX Graphics (DPC,SPQR)

(/usr/share/texlive/texmf-dist/tex/latex/graphics/graphics.sty
Package: graphics 2016/01/03 v1.0q Standard LaTeX Graphics (DPC,SPQR)

(/usr/share/texlive/texmf-dist/tex/latex/graphics/trig.sty
Package: trig 2016/01/03 v1.10 sin cos tan (DPC)
)
(/usr/share/texlive/texmf-dist/tex/latex/latexconfig/graphics.cfg
File: graphics.cfg 2010/04/23 v1.9 graphics configuration of TeX Live
)
Package graphics Info: Driver file: pdftex.def on input line 95.
)
\Gin@req@height=\dimen127
\Gin@req@width=\dimen128
)
(/usr/share/texlive/texmf-dist/tex/latex/oberdiek/epstopdf.sty
Package: epstopdf 2010/02/09 v2.5 Conversion with epstopdf on the fly (HO)

(/usr/share/texlive/texmf-dist/tex/latex/oberdiek/epstopdf-base.sty
Package: epstopdf-base 2010/02/09 v2.5 Base part for package epstopdf

(/usr/share/texlive/texmf-dist/tex/latex/oberdiek/grfext.sty
Package: grfext 2010/08/19 v1.1 Manage graphics extensions (HO)

(/usr/share/texlive/texmf-dist/tex/generic/oberdiek/kvdefinekeys.sty
Package: kvdefinekeys 2011/04/07 v1.3 Define keys (HO)
))
(/usr/share/texlive/texmf-dist/tex/latex/oberdiek/kvoptions.sty
Package: kvoptions 2011/06/30 v3.11 Key value format for package options (HO)

(/usr/share/texlive/texmf-dist/tex/generic/oberdiek/kvsetkeys.sty
Package: kvsetkeys 2012/04/25 v1.16 Key value parser (HO)

(/usr/share/texlive/texmf-dist/tex/generic/oberdiek/etexcmds.sty
Package: etexcmds 2011/02/16 v1.5 Avoid name clashes with e-TeX commands (HO)

(/usr/share/texlive/texmf-dist/tex/generic/oberdiek/ifluatex.sty
Package: ifluatex 2010/03/01 v1.3 Provides the ifluatex switch (HO)
Package ifluatex Info: LuaTeX not detected.
)
Package etexcmds Info: Could not find \expanded.
(etexcmds)             That can mean that you are not using pdfTeX 1.50 or
(etexcmds)             that some package has redefined \expanded.
(etexcmds)             In the latter case, load this package earlier.
)))
(/usr/share/texlive/texmf-dist/tex/generic/oberdiek/pdftexcmds.sty
Package: pdftexcmds 2011/11/29 v0.20 Utility functions of pdfTeX for LuaTeX (HO
)
Package pdftexcmds Info: LuaTeX not detected.
Package pdftexcmds Info: \pdf@primitive is available.
Package pdftexcmds Info: \pdf@ifprimitive is available.
Package pdftexcmds Info: \pdfdraftmode found.
)
Package grfext Info: Graphics extension search list:
(grfext)             [.png,.pdf,.jpg,.mps,.jpeg,.jbig2,.jb2,.PNG,.PDF,.JPG,.JPE
G,.JBIG2,.JB2,.eps]
(grfext)             \AppendGraphicsExtensions on input line 452.

(/usr/share/texlive/texmf-dist/tex/latex/latexconfig/epstopdf-sys.cfg
File: epstopdf-sys.cfg 2010/07/13 v1.3 Configuration of (r)epstopdf for TeX Liv
e
)))
(/usr/share/texlive/texmf-dist/tex/latex/caption/caption.sty
Package: caption 2016/02/21 v3.3-144 Customizing captions (AR)

(/usr/share/texlive/texmf-dist/tex/latex/caption/caption3.sty
Package: caption3 2016/02/04 v1.7-139 caption3 kernel (AR)
Package caption3 Info: TeX engine: e-TeX on input line 67.
\captionmargin=\dimen129
\captionmargin@=\dimen130
\captionwidth=\dimen131
\caption@tempdima=\dimen132
\caption@indent=\dimen133
\caption@parindent=\dimen134
\caption@hangindent=\dimen135
)
\c@ContinuedFloat=\count152
Package caption Info: float package is loaded.
Package caption Info: listings package is loaded.
)
\c@definition=\count153
\c@theorem=\count154
\c@property=\count155
\c@observation=\count156
\c@example=\count157
\c@remark=\count158

(./simulationsGraphesTheoriques.aux)
\openout1 = `simulationsGraphesTheoriques.aux'.

LaTeX Font Info:    Checking defaults for OML/cmm/m/it on input line 54.
LaTeX Font Info:    ... okay on input line 54.
LaTeX Font Info:    Checking defaults for T1/cmr/m/n on input line 54.
LaTeX Font Info:    ... okay on input line 54.
LaTeX Font Info:    Checking defaults for OT1/cmr/m/n on input line 54.
LaTeX Font Info:    ... okay on input line 54.
LaTeX Font Info:    Checking defaults for OMS/cmsy/m/n on input line 54.
LaTeX Font Info:    ... okay on input line 54.
LaTeX Font Info:    Checking defaults for OMX/cmex/m/n on input line 54.
LaTeX Font Info:    ... okay on input line 54.
LaTeX Font Info:    Checking defaults for U/cmr/m/n on input line 54.
LaTeX Font Info:    ... okay on input line 54.

*geometry* driver: auto-detecting
*geometry* detected driver: pdftex
*geometry* verbose mode - [ preamble ] result:
* driver: pdftex
* paper: <default>
* layout: <same size as paper>
* layoutoffset:(h,v)=(0.0pt,0.0pt)
* modes: twoside 
* h-part:(L,W,R)=(56.9055pt, 500.484pt, 56.9055pt)
* v-part:(T,H,B)=(56.9055pt, 681.15898pt, 56.9055pt)
* \paperwidth=614.295pt
* \paperheight=794.96999pt
* \textwidth=500.484pt
* \textheight=681.15898pt
* \oddsidemargin=-15.36449pt
* \evensidemargin=-15.36449pt
* \topmargin=-47.23828pt
* \headheight=12.0pt
* \headsep=19.8738pt
* \topskip=12.0pt
* \footskip=30.0pt
* \marginparwidth=98.0pt
* \marginparsep=7.0pt
* \columnsep=10.0pt
* \skip\footins=10.8pt plus 4.0pt minus 2.0pt
* \hoffset=0.0pt
* \voffset=0.0pt
* \mag=1000
* \@twocolumnfalse
* \@twosidetrue
* \@mparswitchtrue
* \@reversemarginfalse
* (1in=72.27pt=25.4mm, 1cm=28.453pt)

(/usr/share/texlive/texmf-dist/tex/context/base/supp-pdf.mkii
[Loading MPS to PDF converter (version 2006.09.02).]
\scratchcounter=\count159
\scratchdimen=\dimen136
\scratchbox=\box32
\nofMPsegments=\count160
\nofMParguments=\count161
\everyMPshowfont=\toks34
\MPscratchCnt=\count162
\MPscratchDim=\dimen137
\MPnumerator=\count163
\makeMPintoPDFobject=\count164
\everyMPtoPDFconversion=\toks35
)
\c@lstlisting=\count165
Package caption Info: Begin \AtBeginDocument code.
Package caption Info: End \AtBeginDocument code.
LaTeX Font Info:    Try loading font information for OML+cmr on input line 55.
 (/usr/share/texlive/texmf-dist/tex/latex/base/omlcmr.fd
File: omlcmr.fd 2014/09/29 v2.5h Standard LaTeX font definitions
)
LaTeX Font Info:    Font shape `OML/cmr/m/it' in size <14.4> not available
(Font)              Font shape `OML/cmm/m/it' tried instead on input line 55.
 [1


{/var/lib/texmf/fonts/map/pdftex/updmap/pdftex.map}] [2

] (./simulationsGraphesTheoriques.toc)
\tf@toc=\write3
\openout3 = `simulationsGraphesTheoriques.toc'.


[3] [4

]
Chapter 1.

Overfull \hbox (5.44409pt too wide) in paragraph at lines 59--65
\OT1/cmr/m/n/12 Les al-go-rithmes pro-pos^^Ses sont ex^^Secut^^Ses sur des ma-t
ri-ces de corr^^Selation con-stru-ites par les corr^^Selations
 []

Package epstopdf Info: Source file: </home/willy/Documents/latexDoc/redactionTh
ese/fusion_fichiers/images_fusionChapitres/typeSommetsEnCommun.eps>
(epstopdf)                    date: 2017-09-09 10:30:54
(epstopdf)                    size: 58853 bytes
(epstopdf)             Output file: <./typeSommetsEnCommun-eps-converted-to.pdf
>
(epstopdf)                    date: 2018-01-22 14:54:33
(epstopdf)                    size: 9432 bytes
(epstopdf)             Command: <repstopdf --outfile=./typeSommetsEnCommun-eps-
converted-to.pdf /home/willy/Documents/latexDoc/redactionThese/fusion_fichiers/
images_fusionChapitres/typeSommetsEnCommun.eps>
(epstopdf)             \includegraphics on input line 81.
Package epstopdf Info: Output file is already uptodate.
<./typeSommetsEnCommun-eps-converted-to.pdf, id=20, 893.3375pt x 198.7425pt>
File: ./typeSommetsEnCommun-eps-converted-to.pdf Graphic file (type pdf)

<use ./typeSommetsEnCommun-eps-converted-to.pdf>
Package pdftex.def Info: ./typeSommetsEnCommun-eps-converted-to.pdf used on inp
ut line 81.
(pdftex.def)             Requested size: 446.66765pt x 99.371pt.
 [5]
LaTeX Font Info:    Try loading font information for OMS+cmr on input line 95.

(/usr/share/texlive/texmf-dist/tex/latex/base/omscmr.fd
File: omscmr.fd 2014/09/29 v2.5h Standard LaTeX font definitions
)
LaTeX Font Info:    Font shape `OMS/cmr/m/n' in size <12> not available
(Font)              Font shape `OMS/cmsy/m/n' tried instead on input line 95.

Underfull \hbox (badness 10000) in paragraph at lines 122--126

 []

[6 <./typeSommetsEnCommun-eps-converted-to.pdf>] [7]

LaTeX Warning: Reference `linegraphe' on page 8 undefined on input line 178.

Package epstopdf Info: Source file: </home/willy/Documents/latexDoc/redactionTh
ese/fusion_fichiers/images_fusionChapitres/vraiPositivesNegativesAutourDuSeuil.
eps>
(epstopdf)                    date: 2018-01-22 16:24:21
(epstopdf)                    size: 38581 bytes
(epstopdf)             Output file: <./vraiPositivesNegativesAutourDuSeuil-eps-
converted-to.pdf>
(epstopdf)                    date: 2018-01-22 16:40:50
(epstopdf)                    size: 26988 bytes
(epstopdf)             Command: <repstopdf --outfile=./vraiPositivesNegativesAu
tourDuSeuil-eps-converted-to.pdf /home/willy/Documents/latexDoc/redactionThese/
fusion_fichiers/images_fusionChapitres/vraiPositivesNegativesAutourDuSeuil.eps>

(epstopdf)             \includegraphics on input line 192.
Package epstopdf Info: Output file is already uptodate.

<./vraiPositivesNegativesAutourDuSeuil-eps-converted-to.pdf, id=37, 578.16pt x 
397.485pt>
File: ./vraiPositivesNegativesAutourDuSeuil-eps-converted-to.pdf Graphic file (
type pdf)
 <use ./vraiPositivesNegativesAutourDuSeuil-eps-converted-to.pdf>
Package pdftex.def Info: ./vraiPositivesNegativesAutourDuSeuil-eps-converted-to
.pdf used on input line 192.
(pdftex.def)             Requested size: 433.61893pt x 298.113pt.

[8]
Package epstopdf Info: Source file: </home/willy/Documents/latexDoc/redactionTh
ese/fusion_fichiers/images_fusionChapitres/intervallesFauxPositivesNegatives.ep
s>
(epstopdf)                    date: 2018-01-22 15:24:44
(epstopdf)                    size: 94348 bytes
(epstopdf)             Output file: <./intervallesFauxPositivesNegatives-eps-co
nverted-to.pdf>
(epstopdf)                    date: 2018-01-22 15:26:51
(epstopdf)                    size: 21148 bytes
(epstopdf)             Command: <repstopdf --outfile=./intervallesFauxPositives
Negatives-eps-converted-to.pdf /home/willy/Documents/latexDoc/redactionThese/fu
sion_fichiers/images_fusionChapitres/intervallesFauxPositivesNegatives.eps>
(epstopdf)             \includegraphics on input line 210.
Package epstopdf Info: Output file is already uptodate.

<./intervallesFauxPositivesNegatives-eps-converted-to.pdf, id=41, 517.935pt x 1
08.405pt>
File: ./intervallesFauxPositivesNegatives-eps-converted-to.pdf Graphic file (ty
pe pdf)
 <use ./intervallesFauxPositivesNegatives-eps-converted-to.pdf>
Package pdftex.def Info: ./intervallesFauxPositivesNegatives-eps-converted-to.p
df used on input line 210.
(pdftex.def)             Requested size: 388.45029pt x 81.30354pt.
Package epstopdf Info: Source file: </home/willy/Documents/latexDoc/redactionTh
ese/fusion_fichiers/images_fusionChapitres/distributionErreursCorrelations.eps>

(epstopdf)                    date: 2018-01-22 18:13:52
(epstopdf)                    size: 61327 bytes
(epstopdf)             Output file: <./distributionErreursCorrelations-eps-conv
erted-to.pdf>
(epstopdf)                    date: 2018-01-22 18:14:14
(epstopdf)                    size: 32284 bytes
(epstopdf)             Command: <repstopdf --outfile=./distributionErreursCorre
lations-eps-converted-to.pdf /home/willy/Documents/latexDoc/redactionThese/fusi
on_fichiers/images_fusionChapitres/distributionErreursCorrelations.eps>
(epstopdf)             \includegraphics on input line 220.
Package epstopdf Info: Output file is already uptodate.

<./distributionErreursCorrelations-eps-converted-to.pdf, id=42, 578.16pt x 397.
485pt>
File: ./distributionErreursCorrelations-eps-converted-to.pdf Graphic file (type
 pdf)
 <use ./distributionErreursCorrelations-eps-converted-to.pdf>
Package pdftex.def Info: ./distributionErreursCorrelations-eps-converted-to.pdf
 used on input line 220.
(pdftex.def)             Requested size: 433.61893pt x 298.113pt.
 [9 <./vraiPositivesNegativesAutourDuSeuil-eps-converted-to.pdf>] [10 <./interv
allesFauxPositivesNegatives-eps-converted-to.pdf> <./distributionErreursCorrela
tions-eps-converted-to.pdf>]
Underfull \hbox (badness 10000) in paragraph at lines 248--250

 []

[11]
Package epstopdf Info: Source file: </home/willy/Documents/latexDoc/redactionTh
ese/fusion_fichiers/images_fusionChapitres/recapProtocoleEtude.eps>
(epstopdf)                    date: 2018-02-01 11:58:09
(epstopdf)                    size: 90073 bytes
(epstopdf)             Output file: <./recapProtocoleEtude-eps-converted-to.pdf
>
(epstopdf)                    date: 2018-02-01 12:06:32
(epstopdf)                    size: 20281 bytes
(epstopdf)             Command: <repstopdf --outfile=./recapProtocoleEtude-eps-
converted-to.pdf /home/willy/Documents/latexDoc/redactionThese/fusion_fichiers/
images_fusionChapitres/recapProtocoleEtude.eps>
(epstopdf)             \includegraphics on input line 287.
Package epstopdf Info: Output file is already uptodate.

<./recapProtocoleEtude-eps-converted-to.pdf, id=126, 679.53876pt x 274.02374pt>
File: ./recapProtocoleEtude-eps-converted-to.pdf Graphic file (type pdf)
<use ./recapProtocoleEtude-eps-converted-to.pdf>
Package pdftex.def Info: ./recapProtocoleEtude-eps-converted-to.pdf used on inp
ut line 287.
(pdftex.def)             Requested size: 475.67389pt x 191.8153pt.

</home/willy/Documents/latexDoc/redactionThese/fusion_fichiers/images_fusionCha
pitres/permut_distanceMoyenDLDH_k_0_4_aleatoire_p_05.jpeg, id=127, 2860.6875pt 
x 3814.25pt>
File: /home/willy/Documents/latexDoc/redactionThese/fusion_fichiers/images_fusi
onChapitres/permut_distanceMoyenDLDH_k_0_4_aleatoire_p_05.jpeg Graphic file (ty
pe jpg)

<use /home/willy/Documents/latexDoc/redactionThese/fusion_fichiers/images_fusio
nChapitres/permut_distanceMoyenDLDH_k_0_4_aleatoire_p_05.jpeg>
Package pdftex.def Info: /home/willy/Documents/latexDoc/redactionThese/fusion_f
ichiers/images_fusionChapitres/permut_distanceMoyenDLDH_k_0_4_aleatoire_p_05.jp
eg used on input line 317.
(pdftex.def)             Requested size: 549.99657pt x 599.99095pt.

Overfull \hbox (49.51257pt too wide) in paragraph at lines 317--318
 [][] 
 []

[12]
</home/willy/Documents/latexDoc/redactionThese/fusion_fichiers/images_fusionCha
pitres/permut_distanceMoyenDLDH_k_5_9_aleatoire_p_05.jpeg, id=133, 2860.6875pt 
x 3814.25pt>
File: /home/willy/Documents/latexDoc/redactionThese/fusion_fichiers/images_fusi
onChapitres/permut_distanceMoyenDLDH_k_5_9_aleatoire_p_05.jpeg Graphic file (ty
pe jpg)

<use /home/willy/Documents/latexDoc/redactionThese/fusion_fichiers/images_fusio
nChapitres/permut_distanceMoyenDLDH_k_5_9_aleatoire_p_05.jpeg>
Package pdftex.def Info: /home/willy/Documents/latexDoc/redactionThese/fusion_f
ichiers/images_fusionChapitres/permut_distanceMoyenDLDH_k_5_9_aleatoire_p_05.jp
eg used on input line 324.
(pdftex.def)             Requested size: 549.99657pt x 599.99095pt.

Overfull \hbox (49.51257pt too wide) in paragraph at lines 324--325
 [][] 
 []


Overfull \hbox (1.78441pt too wide) in paragraph at lines 330--332
\OT1/cmr/m/n/12 La fig-ure 1.6[] repr^^Sesente les dis-tri-bu-tions des dis-tan
ces line, de Ham-ming, des fonc-tions de r^^Separtition
 []

[13 <./recapProtocoleEtude-eps-converted-to.pdf>]

LaTeX Warning: Text page 14 contains only floats.


Overfull \vbox (0.33195pt too high) has occurred while \output is active []


[14 </home/willy/Documents/latexDoc/redactionThese/fusion_fichiers/images_fusio
nChapitres/permut_distanceMoyenDLDH_k_0_4_aleatoire_p_05.jpeg>]

LaTeX Warning: Text page 15 contains only floats.


Overfull \vbox (0.33195pt too high) has occurred while \output is active []


[15 </home/willy/Documents/latexDoc/redactionThese/fusion_fichiers/images_fusio
nChapitres/permut_distanceMoyenDLDH_k_5_9_aleatoire_p_05.jpeg>]
</home/willy/Documents/courbePython/courbeDegreCoutMinAleatoire_11_10_2017/comp
araison_entre_fct_cout_et_methodes_correction/correlation_dh_dl_p_05.jpeg, id=1
46, 1459.4525pt x 1074.0125pt>
File: /home/willy/Documents/courbePython/courbeDegreCoutMinAleatoire_11_10_2017
/comparaison_entre_fct_cout_et_methodes_correction/correlation_dh_dl_p_05.jpeg 
Graphic file (type jpg)

<use /home/willy/Documents/courbePython/courbeDegreCoutMinAleatoire_11_10_2017/
comparaison_entre_fct_cout_et_methodes_correction/correlation_dh_dl_p_05.jpeg>
Package pdftex.def Info: /home/willy/Documents/courbePython/courbeDegreCoutMinA
leatoire_11_10_2017/comparaison_entre_fct_cout_et_methodes_correction/correlati
on_dh_dl_p_05.jpeg used on input line 428.
(pdftex.def)             Requested size: 510.81604pt x 375.91pt.

Overfull \hbox (10.33205pt too wide) in paragraph at lines 428--429
 [][] 
 []

[16]
</home/willy/Documents/courbePython/courbeDegreCoutMinAleatoire_11_09_2017/comp
araison_MethodesCorrection_fctDeCout_permut_aleatoire_coutMin_degreMin/comparai
sonDifferentesMethodesFonctDeCout_normal_500G_p_05.jpeg, id=150, 2288.55pt x 15
72.87625pt>
File: /home/willy/Documents/courbePython/courbeDegreCoutMinAleatoire_11_09_2017
/comparaison_MethodesCorrection_fctDeCout_permut_aleatoire_coutMin_degreMin/com
paraisonDifferentesMethodesFonctDeCout_normal_500G_p_05.jpeg Graphic file (type
 jpg)

<use /home/willy/Documents/courbePython/courbeDegreCoutMinAleatoire_11_09_2017/
comparaison_MethodesCorrection_fctDeCout_permut_aleatoire_coutMin_degreMin/comp
araisonDifferentesMethodesFonctDeCout_normal_500G_p_05.jpeg>
Package pdftex.def Info: /home/willy/Documents/courbePython/courbeDegreCoutMinA
leatoire_11_09_2017/comparaison_MethodesCorrection_fctDeCout_permut_aleatoire_c
outMin_degreMin/comparaisonDifferentesMethodesFonctDeCout_normal_500G_p_05.jpeg
 used on input line 460.
(pdftex.def)             Requested size: 572.13611pt x 393.2181pt.

Overfull \hbox (71.65211pt too wide) in paragraph at lines 460--461
 [][] 
 []


Underfull \hbox (badness 10000) in paragraph at lines 450--466

 []

[17 </home/willy/Documents/courbePython/courbeDegreCoutMinAleatoire_11_10_2017/
comparaison_entre_fct_cout_et_methodes_correction/correlation_dh_dl_p_05.jpeg>]
[18 </home/willy/Documents/courbePython/courbeDegreCoutMinAleatoire_11_09_2017/
comparaison_MethodesCorrection_fctDeCout_permut_aleatoire_coutMin_degreMin/comp
araisonDifferentesMethodesFonctDeCout_normal_500G_p_05.jpeg>]
</home/willy/Documents/courbePython/courbeDegreCoutMinAleatoire_11_09_2017/perm
ut_aleatoire_coutMin_degreMin_fct_cout_normal_500G/aleatoire/courbes/comparaiso
n_probabilities_p_00_10_moy_dh_aleatoire_p_10.jpeg, id=157, 2288.55pt x 1572.87
625pt>
File: /home/willy/Documents/courbePython/courbeDegreCoutMinAleatoire_11_09_2017
/permut_aleatoire_coutMin_degreMin_fct_cout_normal_500G/aleatoire/courbes/compa
raison_probabilities_p_00_10_moy_dh_aleatoire_p_10.jpeg Graphic file (type jpg)


<use /home/willy/Documents/courbePython/courbeDegreCoutMinAleatoire_11_09_2017/
permut_aleatoire_coutMin_degreMin_fct_cout_normal_500G/aleatoire/courbes/compar
aison_probabilities_p_00_10_moy_dh_aleatoire_p_10.jpeg>
Package pdftex.def Info: /home/willy/Documents/courbePython/courbeDegreCoutMinA
leatoire_11_09_2017/permut_aleatoire_coutMin_degreMin_fct_cout_normal_500G/alea
toire/courbes/comparaison_probabilities_p_00_10_moy_dh_aleatoire_p_10.jpeg used
 on input line 474.
(pdftex.def)             Requested size: 572.13611pt x 393.2181pt.

Overfull \hbox (71.65211pt too wide) in paragraph at lines 474--475
 [][] 
 []

[19 </home/willy/Documents/courbePython/courbeDegreCoutMinAleatoire_11_09_2017/
permut_aleatoire_coutMin_degreMin_fct_cout_normal_500G/aleatoire/courbes/compar
aison_probabilities_p_00_10_moy_dh_aleatoire_p_10.jpeg>]
</home/willy/Documents/courbePython/courbeDegreCoutMinAleatoire_11_09_2017/comp
araison_MethodesCorrection_fctDeCout_permut_aleatoire_coutMin_degreMin/comparai
sonDifferentesFonctDeCout_by_permut_aleatoire_p_05.jpeg, id=162, 2288.55pt x 15
72.87625pt>
File: /home/willy/Documents/courbePython/courbeDegreCoutMinAleatoire_11_09_2017
/comparaison_MethodesCorrection_fctDeCout_permut_aleatoire_coutMin_degreMin/com
paraisonDifferentesFonctDeCout_by_permut_aleatoire_p_05.jpeg Graphic file (type
 jpg)

<use /home/willy/Documents/courbePython/courbeDegreCoutMinAleatoire_11_09_2017/
comparaison_MethodesCorrection_fctDeCout_permut_aleatoire_coutMin_degreMin/comp
araisonDifferentesFonctDeCout_by_permut_aleatoire_p_05.jpeg>
Package pdftex.def Info: /home/willy/Documents/courbePython/courbeDegreCoutMinA
leatoire_11_09_2017/comparaison_MethodesCorrection_fctDeCout_permut_aleatoire_c
outMin_degreMin/comparaisonDifferentesFonctDeCout_by_permut_aleatoire_p_05.jpeg
 used on input line 525.
(pdftex.def)             Requested size: 572.13611pt x 393.2181pt.

Overfull \hbox (71.65211pt too wide) in paragraph at lines 525--526
 [][] 
 []


Overfull \hbox (5.12221pt too wide) in paragraph at lines 539--544
\OT1/cmr/m/n/12 ou $\OML/cmm/m/it/12 prob\OT1/cmr/m/n/12 [(\OML/cmm/m/it/12 a[]
; a[]\OT1/cmr/m/n/12 )][]$, la corr^^Selation en-tre les ar^etes $\OML/cmm/m/it
/12 a[]$ \OT1/cmr/m/n/12 et $\OML/cmm/m/it/12 a[]$\OT1/cmr/m/n/12 , cor-re-spon
-dant au co^ut d'ajout de corr^^Selations
 []

[20] [21 </home/willy/Documents/courbePython/courbeDegreCoutMinAleatoire_11_09_
2017/comparaison_MethodesCorrection_fctDeCout_permut_aleatoire_coutMin_degreMin
/comparaisonDifferentesFonctDeCout_by_permut_aleatoire_p_05.jpeg>]
Underfull \hbox (badness 10000) in paragraph at lines 573--580

 []


</home/willy/Documents/courbePython/courbeDegreCoutMinAleatoire_11_10_2017/comp
araison_entre_fct_cout_et_methodes_correction/simulation_comparaisonDifferentes
FonctDeCout_by_aleatoire_p_05.jpeg, id=169, 1977.3875pt x 1459.4525pt>
File: /home/willy/Documents/courbePython/courbeDegreCoutMinAleatoire_11_10_2017
/comparaison_entre_fct_cout_et_methodes_correction/simulation_comparaisonDiffer
entesFonctDeCout_by_aleatoire_p_05.jpeg Graphic file (type jpg)

<use /home/willy/Documents/courbePython/courbeDegreCoutMinAleatoire_11_10_2017/
comparaison_entre_fct_cout_et_methodes_correction/simulation_comparaisonDiffere
ntesFonctDeCout_by_aleatoire_p_05.jpeg>
Package pdftex.def Info: /home/willy/Documents/courbePython/courbeDegreCoutMinA
leatoire_11_10_2017/comparaison_entre_fct_cout_et_methodes_correction/simulatio
n_comparaisonDifferentesFonctDeCout_by_aleatoire_p_05.jpeg used on input line 5
97.
(pdftex.def)             Requested size: 494.34567pt x 364.86223pt.
 [22] [23 </home/willy/Documents/courbePython/courbeDegreCoutMinAleatoire_11_10
_2017/comparaison_entre_fct_cout_et_methodes_correction/simulation_comparaisonD
ifferentesFonctDeCout_by_aleatoire_p_05.jpeg>] (./simulationsGraphesTheoriques.
aux)

LaTeX Warning: There were undefined references.

 ) 
Here is how much of TeX's memory you used:
 5928 strings out of 494910
 93625 string characters out of 6179836
 163714 words of memory out of 5000000
 9101 multiletter control sequences out of 15000+600000
 11551 words of font info for 41 fonts, out of 8000000 for 9000
 36 hyphenation exceptions out of 8191
 42i,13n,39p,842b,358s stack positions out of 5000i,500n,10000p,200000b,80000s
</usr/share/texlive/texmf-dist/fonts/type1/public/amsfonts/cm/cmbx12.pfb></us
r/share/texlive/texmf-dist/fonts/type1/public/amsfonts/cm/cmex10.pfb></usr/shar
e/texlive/texmf-dist/fonts/type1/public/amsfonts/cm/cmmi12.pfb></usr/share/texl
ive/texmf-dist/fonts/type1/public/amsfonts/cm/cmmi8.pfb></usr/share/texlive/tex
mf-dist/fonts/type1/public/amsfonts/cm/cmr12.pfb></usr/share/texlive/texmf-dist
/fonts/type1/public/amsfonts/cm/cmr17.pfb></usr/share/texlive/texmf-dist/fonts/
type1/public/amsfonts/cm/cmr8.pfb></usr/share/texlive/texmf-dist/fonts/type1/pu
blic/amsfonts/cm/cmsl12.pfb></usr/share/texlive/texmf-dist/fonts/type1/public/a
msfonts/cm/cmsy10.pfb></usr/share/texlive/texmf-dist/fonts/type1/public/amsfont
s/cm/cmsy8.pfb></usr/share/texlive/texmf-dist/fonts/type1/public/amsfonts/cm/cm
ti12.pfb>
Output written on simulationsGraphesTheoriques.pdf (23 pages, 4631926 bytes).
PDF statistics:
 212 PDF objects out of 1000 (max. 8388607)
 99 compressed objects within 1 object stream
 0 named destinations out of 1000 (max. 500000)
 61 words of extra memory for PDF output out of 10000 (max. 10000000)

